2025-09-04 07:51:41,348 - INFO - Product Tracker application startup [in /app/wsgi.py:36]
2025-09-04 07:51:44,919 - INFO - Product Tracker application startup [in /app/wsgi.py:36]
2025-09-04 07:51:48,206 - INFO - Product Tracker application startup [in /app/wsgi.py:36]
2025-09-04 07:51:51,454 - INFO - Product Tracker application startup [in /app/wsgi.py:36]
2025-09-04 07:51:55,188 - INFO - Product Tracker application startup [in /app/wsgi.py:36]
2025-09-04 07:51:59,700 - INFO - Product Tracker application startup [in /app/wsgi.py:36]
2025-09-04 07:52:06,356 - INFO - Product Tracker application startup [in /app/wsgi.py:36]
2025-09-04 07:52:16,166 - INFO - Product Tracker application startup [in /app/wsgi.py:36]
2025-09-04 07:52:32,353 - INFO - Product Tracker application startup [in /app/wsgi.py:36]
2025-09-04 07:53:01,876 - INFO - Product Tracker application startup [in /app/wsgi.py:36]
2025-09-04 07:53:56,074 - INFO - Product Tracker application startup [in /app/wsgi.py:36]
2025-09-04 07:55:28,698 - INFO - Product Tracker application startup [in /app/wsgi.py:36]
2025-09-04 07:57:35,738 - INFO - Product Tracker application startup [in /app/wsgi.py:36]
2025-09-04 07:59:52,382 - INFO - Product Tracker application startup [in /app/wsgi.py:36]
2025-09-04 08:00:09,509 - INFO - Product Tracker application startup [in /app/wsgi.py:36]
2025-09-04 08:04:54,359 - INFO - Product Tracker application startup [in /app/wsgi.py:36]
2025-09-04 08:04:57,785 - INFO - Product Tracker application startup [in /app/wsgi.py:36]
2025-09-04 08:05:01,242 - INFO - Product Tracker application startup [in /app/wsgi.py:36]
2025-09-04 08:05:05,207 - INFO - Product Tracker application startup [in /app/wsgi.py:36]
2025-09-04 08:05:09,204 - INFO - Product Tracker application startup [in /app/wsgi.py:36]
2025-09-04 08:05:13,810 - INFO - Product Tracker application startup [in /app/wsgi.py:36]
2025-09-04 08:05:20,068 - INFO - Product Tracker application startup [in /app/wsgi.py:36]
2025-09-04 08:05:29,574 - INFO - Product Tracker application startup [in /app/wsgi.py:36]
2025-09-04 08:05:45,375 - INFO - Product Tracker application startup [in /app/wsgi.py:36]
2025-09-04 08:06:14,063 - INFO - Product Tracker application startup [in /app/wsgi.py:36]
2025-09-04 08:07:08,702 - INFO - Product Tracker application startup [in /app/wsgi.py:36]
2025-09-04 08:21:35,225 - INFO - Product Tracker application startup [in /app/wsgi.py:36]
2025-09-04 08:21:39,861 - INFO - Product Tracker application startup [in /app/wsgi.py:36]
2025-09-04 08:21:43,466 - INFO - Product Tracker application startup [in /app/wsgi.py:36]
2025-09-04 08:21:46,834 - INFO - Product Tracker application startup [in /app/wsgi.py:36]
2025-09-04 08:21:50,533 - INFO - Product Tracker application startup [in /app/wsgi.py:36]
2025-09-04 08:21:55,307 - INFO - Product Tracker application startup [in /app/wsgi.py:36]
2025-09-04 08:22:01,398 - INFO - Product Tracker application startup [in /app/wsgi.py:36]
2025-09-04 08:22:11,130 - INFO - Product Tracker application startup [in /app/wsgi.py:36]
2025-09-04 08:22:27,198 - INFO - Product Tracker application startup [in /app/wsgi.py:36]
2025-09-04 08:22:56,900 - INFO - Product Tracker application startup [in /app/wsgi.py:36]
2025-09-04 08:23:51,438 - INFO - Product Tracker application startup [in /app/wsgi.py:36]
2025-09-04 08:24:46,359 - INFO - Product Tracker application startup [in /app/wsgi.py:36]
2025-09-04 08:24:51,924 - INFO - Product Tracker application startup [in /app/wsgi.py:36]
2025-09-04 08:24:57,278 - INFO - Product Tracker application startup [in /app/wsgi.py:36]
2025-09-04 08:25:03,441 - INFO - Product Tracker application startup [in /app/wsgi.py:36]
2025-09-04 08:25:09,568 - INFO - Product Tracker application startup [in /app/wsgi.py:36]
2025-09-04 08:25:16,281 - INFO - Product Tracker application startup [in /app/wsgi.py:36]
2025-09-04 08:25:24,558 - INFO - Product Tracker application startup [in /app/wsgi.py:36]
2025-09-04 08:25:35,955 - INFO - Product Tracker application startup [in /app/wsgi.py:36]
2025-09-04 08:25:53,510 - INFO - Product Tracker application startup [in /app/wsgi.py:36]
2025-09-04 08:26:24,044 - INFO - Product Tracker application startup [in /app/wsgi.py:36]
2025-09-04 08:27:21,683 - INFO - Product Tracker application startup [in /app/wsgi.py:36]
2025-09-04 08:28:38,284 - INFO - Product Tracker application startup [in /app/wsgi.py:36]
2025-09-04 08:28:46,823 - INFO - Product Tracker application startup [in /app/wsgi.py:36]
2025-09-04 08:28:55,042 - INFO - Product Tracker application startup [in /app/wsgi.py:36]
2025-09-04 08:29:03,419 - INFO - Product Tracker application startup [in /app/wsgi.py:36]
2025-09-04 08:29:12,104 - INFO - Product Tracker application startup [in /app/wsgi.py:36]
2025-09-04 08:29:21,762 - INFO - Product Tracker application startup [in /app/wsgi.py:36]
2025-09-04 08:29:32,930 - INFO - Product Tracker application startup [in /app/wsgi.py:36]
2025-09-04 08:29:48,601 - INFO - Product Tracker application startup [in /app/wsgi.py:36]
2025-09-04 08:30:10,128 - INFO - Product Tracker application startup [in /app/wsgi.py:36]
2025-09-04 08:30:43,709 - INFO - Product Tracker application startup [in /app/wsgi.py:36]
2025-09-04 08:32:09,953 - INFO - Product Tracker application startup [in /app/wsgi.py:36]
2025-09-04 08:32:14,303 - INFO - Product Tracker application startup [in /app/wsgi.py:36]
2025-09-04 08:32:19,192 - INFO - Product Tracker application startup [in /app/wsgi.py:36]
2025-09-04 08:32:22,725 - INFO - Product Tracker application startup [in /app/wsgi.py:36]
2025-09-04 08:32:27,279 - INFO - Product Tracker application startup [in /app/wsgi.py:36]
2025-09-04 08:32:31,422 - INFO - Product Tracker application startup [in /app/wsgi.py:36]
2025-09-04 08:32:35,789 - INFO - Product Tracker application startup [in /app/wsgi.py:36]
2025-09-04 08:32:39,120 - INFO - Product Tracker application startup [in /app/wsgi.py:36]
2025-09-04 08:37:33,031 - INFO - Product Tracker application startup [in /app/wsgi.py:36]
2025-09-04 08:37:36,093 - INFO - Product Tracker application startup [in /app/wsgi.py:36]
2025-09-04 08:37:40,169 - INFO - Product Tracker application startup [in /app/wsgi.py:36]
2025-09-04 08:37:43,891 - INFO - Product Tracker application startup [in /app/wsgi.py:36]
2025-09-04 08:37:49,074 - INFO - Product Tracker application startup [in /app/wsgi.py:36]
2025-09-04 08:37:52,692 - INFO - Product Tracker application startup [in /app/wsgi.py:36]
2025-09-04 08:37:56,835 - INFO - Product Tracker application startup [in /app/wsgi.py:36]
2025-09-04 08:37:59,457 - INFO - Product Tracker application startup [in /app/wsgi.py:36]
2025-09-04 08:38:03,566 - INFO - Product Tracker application startup [in /app/wsgi.py:36]
2025-09-04 08:38:06,370 - INFO - Product Tracker application startup [in /app/wsgi.py:36]
2025-09-04 08:38:11,163 - INFO - Product Tracker application startup [in /app/wsgi.py:36]
2025-09-04 08:38:13,657 - INFO - Product Tracker application startup [in /app/wsgi.py:36]
2025-09-04 08:38:20,115 - INFO - Product Tracker application startup [in /app/wsgi.py:36]
2025-09-04 08:38:22,780 - INFO - Product Tracker application startup [in /app/wsgi.py:36]
2025-09-04 08:38:32,373 - INFO - Product Tracker application startup [in /app/wsgi.py:36]
2025-09-04 08:38:35,054 - INFO - Product Tracker application startup [in /app/wsgi.py:36]
2025-09-04 08:38:51,173 - INFO - Product Tracker application startup [in /app/wsgi.py:36]
2025-09-04 08:38:53,780 - INFO - Product Tracker application startup [in /app/wsgi.py:36]
2025-09-04 08:39:22,490 - INFO - Product Tracker application startup [in /app/wsgi.py:36]
2025-09-04 08:39:25,170 - INFO - Product Tracker application startup [in /app/wsgi.py:36]
2025-09-04 08:43:56,237 - INFO - Product Tracker application startup [in /app/wsgi.py:36]
2025-09-04 08:44:24,089 - INFO - Product Tracker application startup [in /app/wsgi.py:36]
2025-09-04 08:45:08,549 - INFO - Product Tracker application startup [in /app/wsgi.py:36]
2025-09-04 08:45:11,838 - INFO - Product Tracker application startup [in /app/wsgi.py:36]
2025-09-04 08:45:17,107 - INFO - Product Tracker application startup [in /app/wsgi.py:36]
2025-09-04 08:45:32,734 - ERROR - Exception on / [GET] [in /usr/local/lib/python3.11/site-packages/flask/app.py:875]
Traceback (most recent call last):
  File "/usr/local/lib/python3.11/site-packages/flask/app.py", line 1511, in wsgi_app
    response = self.full_dispatch_request()
               ^^^^^^^^^^^^^^^^^^^^^^^^^^^^
  File "/usr/local/lib/python3.11/site-packages/flask/app.py", line 919, in full_dispatch_request
    rv = self.handle_user_exception(e)
         ^^^^^^^^^^^^^^^^^^^^^^^^^^^^^
  File "/usr/local/lib/python3.11/site-packages/flask/app.py", line 917, in full_dispatch_request
    rv = self.dispatch_request()
         ^^^^^^^^^^^^^^^^^^^^^^^
  File "/usr/local/lib/python3.11/site-packages/flask/app.py", line 902, in dispatch_request
    return self.ensure_sync(self.view_functions[rule.endpoint])(**view_args)  # type: ignore[no-any-return]
           ^^^^^^^^^^^^^^^^^^^^^^^^^^^^^^^^^^^^^^^^^^^^^^^^^^^^^^^^^^^^^^^^^
  File "/app/app/main/routes.py", line 37, in dashboard
    func.count(Part.part_id).label('total_parts'),
    ^^^^
NameError: name 'func' is not defined
2025-09-04 08:45:32,935 - ERROR - Exception on / [GET] [in /usr/local/lib/python3.11/site-packages/flask/app.py:875]
Traceback (most recent call last):
  File "/usr/local/lib/python3.11/site-packages/flask/app.py", line 1511, in wsgi_app
    response = self.full_dispatch_request()
               ^^^^^^^^^^^^^^^^^^^^^^^^^^^^
  File "/usr/local/lib/python3.11/site-packages/flask/app.py", line 919, in full_dispatch_request
    rv = self.handle_user_exception(e)
         ^^^^^^^^^^^^^^^^^^^^^^^^^^^^^
  File "/usr/local/lib/python3.11/site-packages/flask/app.py", line 917, in full_dispatch_request
    rv = self.dispatch_request()
         ^^^^^^^^^^^^^^^^^^^^^^^
  File "/usr/local/lib/python3.11/site-packages/flask/app.py", line 902, in dispatch_request
    return self.ensure_sync(self.view_functions[rule.endpoint])(**view_args)  # type: ignore[no-any-return]
           ^^^^^^^^^^^^^^^^^^^^^^^^^^^^^^^^^^^^^^^^^^^^^^^^^^^^^^^^^^^^^^^^^
  File "/app/app/main/routes.py", line 37, in dashboard
    func.count(Part.part_id).label('total_parts'),
    ^^^^
NameError: name 'func' is not defined
2025-09-04 09:01:56,388 - INFO - Product Tracker application startup [in /app/wsgi.py:36]
2025-09-04 09:01:59,151 - INFO - Product Tracker application startup [in /app/wsgi.py:36]
2025-09-04 09:02:02,223 - INFO - Product Tracker application startup [in /app/wsgi.py:36]
2025-09-04 09:13:25,646 - INFO - Product Tracker application startup [in /app/wsgi.py:36]
2025-09-04 09:13:28,471 - INFO - Product Tracker application startup [in /app/wsgi.py:36]
2025-09-04 09:25:15,374 - INFO - Product Tracker application startup [in /app/wsgi.py:36]
2025-09-04 09:25:19,080 - INFO - Product Tracker application startup [in /app/wsgi.py:36]
2025-09-04 09:25:24,131 - INFO - Product Tracker application startup [in /app/wsgi.py:36]
2025-09-04 09:28:31,936 - INFO - Product Tracker application startup [in /app/wsgi.py:36]
2025-09-04 09:28:35,161 - INFO - Product Tracker application startup [in /app/wsgi.py:36]
2025-09-04 09:28:38,666 - INFO - Product Tracker application startup [in /app/wsgi.py:36]
2025-09-04 09:32:58,725 - INFO - Product Tracker application startup [in /app/wsgi.py:36]
2025-09-04 09:33:02,278 - INFO - Product Tracker application startup [in /app/wsgi.py:36]
2025-09-04 09:33:05,721 - INFO - Product Tracker application startup [in /app/wsgi.py:36]
2025-09-04 09:35:51,745 - INFO - Product Tracker application startup [in /app/wsgi.py:36]
2025-09-04 09:35:55,227 - INFO - Product Tracker application startup [in /app/wsgi.py:36]
2025-09-04 09:35:58,820 - INFO - Product Tracker application startup [in /app/wsgi.py:36]
2025-09-04 09:40:47,095 - INFO - Product Tracker application startup [in /app/wsgi.py:36]
2025-09-04 09:40:50,080 - INFO - Product Tracker application startup [in /app/wsgi.py:36]
2025-09-04 09:40:53,812 - INFO - Product Tracker application startup [in /app/wsgi.py:36]
2025-09-04 09:49:49,624 - INFO - Product Tracker application startup [in /app/wsgi.py:36]
2025-09-04 09:49:53,546 - INFO - Product Tracker application startup [in /app/wsgi.py:36]
2025-09-04 09:49:59,761 - INFO - Product Tracker application startup [in /app/wsgi.py:36]
2025-09-05 02:42:52,388 - INFO - Product Tracker application startup [in /app/wsgi.py:36]
2025-09-05 02:42:55,618 - INFO - Product Tracker application startup [in /app/wsgi.py:36]
2025-09-05 02:42:59,446 - INFO - Product Tracker application startup [in /app/wsgi.py:36]
2025-09-05 02:49:58,242 - INFO - Product Tracker application startup [in /app/wsgi.py:36]
2025-09-05 02:50:00,899 - INFO - Product Tracker application startup [in /app/wsgi.py:36]
2025-09-05 02:50:04,011 - INFO - Product Tracker application startup [in /app/wsgi.py:36]
2025-09-05 03:00:43,938 - INFO - Product Tracker application startup [in /app/wsgi.py:36]
2025-09-05 03:00:47,686 - INFO - Product Tracker application startup [in /app/wsgi.py:36]
2025-09-05 03:00:51,421 - INFO - Product Tracker application startup [in /app/wsgi.py:36]
2025-09-05 03:20:52,385 - INFO - Product Tracker application startup [in /app/wsgi.py:36]
2025-09-05 03:20:55,294 - INFO - Product Tracker application startup [in /app/wsgi.py:36]
2025-09-05 03:20:58,463 - INFO - Product Tracker application startup [in /app/wsgi.py:36]
2025-09-05 04:00:09,490 - INFO - Product Tracker application startup [in /app/wsgi.py:36]
2025-09-05 04:00:12,266 - INFO - Product Tracker application startup [in /app/wsgi.py:36]
2025-09-05 04:00:15,319 - INFO - Product Tracker application startup [in /app/wsgi.py:36]
2025-09-05 04:01:17,254 - INFO - Product Tracker application startup [in /app/wsgi.py:36]
2025-09-05 04:01:20,090 - INFO - Product Tracker application startup [in /app/wsgi.py:36]
2025-09-05 04:01:23,283 - INFO - Product Tracker application startup [in /app/wsgi.py:36]
2025-09-05 04:15:24,878 - INFO - Product Tracker application startup [in /app/wsgi.py:36]
2025-09-05 04:15:27,568 - INFO - Product Tracker application startup [in /app/wsgi.py:36]
2025-09-05 04:15:30,540 - INFO - Product Tracker application startup [in /app/wsgi.py:36]
2025-09-05 04:25:49,703 - INFO - Product Tracker application startup [in /app/wsgi.py:36]
2025-09-05 04:25:52,167 - INFO - Product Tracker application startup [in /app/wsgi.py:36]
2025-09-05 04:25:55,145 - INFO - Product Tracker application startup [in /app/wsgi.py:36]
2025-09-05 04:38:43,039 - INFO - Product Tracker application startup [in /app/wsgi.py:36]
2025-09-05 04:38:45,978 - INFO - Product Tracker application startup [in /app/wsgi.py:36]
2025-09-05 04:38:49,900 - INFO - Product Tracker application startup [in /app/wsgi.py:36]
2025-09-05 04:57:14,134 - INFO - Product Tracker application startup [in /app/wsgi.py:36]
2025-09-05 04:57:16,815 - INFO - Product Tracker application startup [in /app/wsgi.py:36]
2025-09-05 04:57:20,055 - INFO - Product Tracker application startup [in /app/wsgi.py:36]
2025-09-05 06:09:53,093 - INFO - Product Tracker application startup [in /app/wsgi.py:36]
2025-09-05 06:09:55,761 - INFO - Product Tracker application startup [in /app/wsgi.py:36]
2025-09-05 06:09:58,358 - INFO - Product Tracker application startup [in /app/wsgi.py:36]
2025-09-05 06:13:56,027 - INFO - Product Tracker application startup [in /app/wsgi.py:36]
2025-09-05 06:13:58,384 - INFO - Product Tracker application startup [in /app/wsgi.py:36]
2025-09-05 06:14:01,182 - INFO - Product Tracker application startup [in /app/wsgi.py:36]
2025-09-05 06:48:33,860 - INFO - Product Tracker application startup [in /app/wsgi.py:36]
2025-09-05 06:48:36,876 - INFO - Product Tracker application startup [in /app/wsgi.py:36]
2025-09-05 06:48:40,439 - INFO - Product Tracker application startup [in /app/wsgi.py:36]
